<?xml version="1.0" encoding="UTF-8"?>
<!-- Generated by org.testng.reporters.JUnitReportReporter -->
<testsuite hostname="RLP1631" failures="0" tests="4" name="com.test.SeleniumTestRunner" time="9.733" errors="0" timestamp="2024-02-11T14:16:28 IST" skipped="0">
  <testcase classname="com.test.SeleniumTestRunner" name="loginPage" time="6.587"/>
  <system-out/>
  <testcase classname="com.test.SeleniumTestRunner" name="registerPage" time="1.857"/>
  <system-out/>
  <testcase classname="com.test.SeleniumTestRunner" name="UserOperations" time="0.786"/>
  <system-out/>
  <testcase classname="com.test.SeleniumTestRunner" name="AdminOperations" time="0.503"/>
  <system-out/>
</testsuite> <!-- com.test.SeleniumTestRunner -->
